[ 2017-02-26T13:59:05+08:00 ] 58.247.206.146 /thinkphpwechat/index.php/Wechat/Api/handler?signature=3bf81b8a453eba7d0e6c1803bf6bc114c29e3f5e&timestamp=1488088745&nonce=2058689886&openid=oLHasv5voN3Qpvb8YoQlMtMY73Mc
INFO: [ app_init ] --START--
INFO: Run Behavior\BuildLiteBehavior [ RunTime:0.000017s ]
INFO: [ app_init ] --END-- [ RunTime:0.000145s ]
INFO: [ app_begin ] --START--
INFO: Run Behavior\ReadHtmlCacheBehavior [ RunTime:0.000080s ]
INFO: [ app_begin ] --END-- [ RunTime:0.000147s ]
INFO: [ action_begin ] --START--
SQL: SHOW COLUMNS FROM `6d_config` [ RunTime:0.0004s ]
SQL: SELECT * FROM `6d_config` WHERE `id` = 1 LIMIT 1   [ RunTime:0.0002s ]
INFO: Run Common\Behaviors\AppBeginBehavior [ RunTime:0.003956s ]
INFO: [ action_begin ] --END-- [ RunTime:0.004027s ]
SQL: SHOW COLUMNS FROM `6d_keywords` [ RunTime:0.0005s ]
SQL: SELECT * FROM `6d_keywords` WHERE `keyword` = '【收到不支持的消息类型，暂无法显示】' LIMIT 1   [ RunTime:0.0001s ]
SQL: SHOW COLUMNS FROM `6d_base_system` [ RunTime:0.0003s ]
SQL: SELECT * FROM `6d_base_system` WHERE `id` = 1 LIMIT 1   [ RunTime:0.0001s ]
INFO: [ app_end ] --START--
INFO: Run Behavior\ShowPageTraceBehavior [ RunTime:0.000081s ]
INFO: [ app_end ] --END-- [ RunTime:0.000153s ]

[ 2017-02-26T13:59:06+08:00 ] 58.247.206.142 /thinkphpwechat/index.php/Wechat/Api/handler?signature=be34b5817b279e681ef436f0fe356e1b6d2fe198&timestamp=1488088746&nonce=923606296&openid=oLHasv5voN3Qpvb8YoQlMtMY73Mc
INFO: [ app_init ] --START--
INFO: Run Behavior\BuildLiteBehavior [ RunTime:0.000017s ]
INFO: [ app_init ] --END-- [ RunTime:0.000135s ]
INFO: [ app_begin ] --START--
INFO: Run Behavior\ReadHtmlCacheBehavior [ RunTime:0.000060s ]
INFO: [ app_begin ] --END-- [ RunTime:0.000126s ]
INFO: [ action_begin ] --START--
SQL: SHOW COLUMNS FROM `6d_config` [ RunTime:0.0004s ]
SQL: SELECT * FROM `6d_config` WHERE `id` = 1 LIMIT 1   [ RunTime:0.0002s ]
INFO: Run Common\Behaviors\AppBeginBehavior [ RunTime:0.003800s ]
INFO: [ action_begin ] --END-- [ RunTime:0.003866s ]
SQL: SHOW COLUMNS FROM `6d_keywords` [ RunTime:0.0003s ]
SQL: SELECT * FROM `6d_keywords` WHERE `keyword` = '【收到不支持的消息类型，暂无法显示】' LIMIT 1   [ RunTime:0.0001s ]
SQL: SHOW COLUMNS FROM `6d_base_system` [ RunTime:0.0003s ]
SQL: SELECT * FROM `6d_base_system` WHERE `id` = 1 LIMIT 1   [ RunTime:0.0001s ]
INFO: [ app_end ] --START--
INFO: Run Behavior\ShowPageTraceBehavior [ RunTime:0.000070s ]
INFO: [ app_end ] --END-- [ RunTime:0.000141s ]

[ 2017-02-26T13:59:07+08:00 ] 58.247.206.142 /thinkphpwechat/index.php/Wechat/Api/handler?signature=e7dbf2ee78272e343a3e3db7c89ddc66ba2d0318&timestamp=1488088747&nonce=782012704&openid=oLHasv5voN3Qpvb8YoQlMtMY73Mc
INFO: [ app_init ] --START--
INFO: Run Behavior\BuildLiteBehavior [ RunTime:0.000017s ]
INFO: [ app_init ] --END-- [ RunTime:0.000134s ]
INFO: [ app_begin ] --START--
INFO: Run Behavior\ReadHtmlCacheBehavior [ RunTime:0.000058s ]
INFO: [ app_begin ] --END-- [ RunTime:0.000123s ]
INFO: [ action_begin ] --START--
SQL: SHOW COLUMNS FROM `6d_config` [ RunTime:0.0004s ]
SQL: SELECT * FROM `6d_config` WHERE `id` = 1 LIMIT 1   [ RunTime:0.0002s ]
INFO: Run Common\Behaviors\AppBeginBehavior [ RunTime:0.004137s ]
INFO: [ action_begin ] --END-- [ RunTime:0.004202s ]
SQL: SHOW COLUMNS FROM `6d_keywords` [ RunTime:0.0003s ]
SQL: SELECT * FROM `6d_keywords` WHERE `keyword` = '【收到不支持的消息类型，暂无法显示】' LIMIT 1   [ RunTime:0.0001s ]
SQL: SHOW COLUMNS FROM `6d_base_system` [ RunTime:0.0003s ]
SQL: SELECT * FROM `6d_base_system` WHERE `id` = 1 LIMIT 1   [ RunTime:0.0001s ]
INFO: [ app_end ] --START--
INFO: Run Behavior\ShowPageTraceBehavior [ RunTime:0.000068s ]
INFO: [ app_end ] --END-- [ RunTime:0.000138s ]

[ 2017-02-26T13:59:15+08:00 ] 180.153.214.180 /thinkphpwechat/index.php/Wechat/Api/handler
INFO: [ app_init ] --START--
INFO: Run Behavior\BuildLiteBehavior [ RunTime:0.000017s ]
INFO: [ app_init ] --END-- [ RunTime:0.000156s ]
INFO: [ app_begin ] --START--
INFO: Run Behavior\ReadHtmlCacheBehavior [ RunTime:0.000072s ]
INFO: [ app_begin ] --END-- [ RunTime:0.000138s ]
INFO: [ action_begin ] --START--
SQL: SHOW COLUMNS FROM `6d_config` [ RunTime:0.0004s ]
SQL: SELECT * FROM `6d_config` WHERE `id` = 1 LIMIT 1   [ RunTime:0.0002s ]
INFO: Run Common\Behaviors\AppBeginBehavior [ RunTime:0.002597s ]
INFO: [ action_begin ] --END-- [ RunTime:0.002674s ]
NOTIC: [8] Trying to get property of non-object /var/www/html/thinkphpwechat/vendor/houdunwang/wechat/src/build/Message.php 第 142 行.
SQL: SHOW COLUMNS FROM `6d_base_system` [ RunTime:0.0003s ]
SQL: SELECT * FROM `6d_base_system` WHERE `id` = 1 LIMIT 1   [ RunTime:0.0001s ]
NOTIC: [8] Trying to get property of non-object /var/www/html/thinkphpwechat/vendor/houdunwang/wechat/src/build/Message.php 第 117 行.
NOTIC: [8] Trying to get property of non-object /var/www/html/thinkphpwechat/vendor/houdunwang/wechat/src/build/Message.php 第 142 行.
INFO: [ app_end ] --START--
INFO: Run Behavior\ShowPageTraceBehavior [ RunTime:0.000077s ]
INFO: [ app_end ] --END-- [ RunTime:0.000141s ]

[ 2017-02-26T14:11:46+08:00 ] 58.247.206.147 /thinkphpwechat/index.php/Wechat/Api/handler?signature=e63130e8cdda27b1602fee0bcb34d582a535b3ae&timestamp=1488089506&nonce=5043127&openid=oLHasv5voN3Qpvb8YoQlMtMY73Mc
INFO: [ app_init ] --START--
INFO: Run Behavior\BuildLiteBehavior [ RunTime:0.000017s ]
INFO: [ app_init ] --END-- [ RunTime:0.000141s ]
INFO: [ app_begin ] --START--
INFO: Run Behavior\ReadHtmlCacheBehavior [ RunTime:0.000066s ]
INFO: [ app_begin ] --END-- [ RunTime:0.000133s ]
INFO: [ action_begin ] --START--
SQL: SHOW COLUMNS FROM `6d_config` [ RunTime:0.0004s ]
SQL: SELECT * FROM `6d_config` WHERE `id` = 1 LIMIT 1   [ RunTime:0.0002s ]
INFO: Run Common\Behaviors\AppBeginBehavior [ RunTime:0.002941s ]
INFO: [ action_begin ] --END-- [ RunTime:0.003016s ]
SQL: SHOW COLUMNS FROM `6d_base_system` [ RunTime:0.0003s ]
SQL: SELECT * FROM `6d_base_system` WHERE `id` = 1 LIMIT 1   [ RunTime:0.0001s ]
INFO: [ app_end ] --START--
INFO: Run Behavior\ShowPageTraceBehavior [ RunTime:0.000107s ]
INFO: [ app_end ] --END-- [ RunTime:0.000196s ]

[ 2017-02-26T14:11:53+08:00 ] 58.247.206.142 /thinkphpwechat/index.php/Wechat/Api/handler?signature=9580b2cf04265d1a9ef1c25e2888c3c7328b3a5e&timestamp=1488089513&nonce=1986457909&openid=oLHasv5voN3Qpvb8YoQlMtMY73Mc
INFO: [ app_init ] --START--
INFO: Run Behavior\BuildLiteBehavior [ RunTime:0.000017s ]
INFO: [ app_init ] --END-- [ RunTime:0.000143s ]
INFO: [ app_begin ] --START--
INFO: Run Behavior\ReadHtmlCacheBehavior [ RunTime:0.000066s ]
INFO: [ app_begin ] --END-- [ RunTime:0.000134s ]
INFO: [ action_begin ] --START--
SQL: SHOW COLUMNS FROM `6d_config` [ RunTime:0.0004s ]
SQL: SELECT * FROM `6d_config` WHERE `id` = 1 LIMIT 1   [ RunTime:0.0002s ]
INFO: Run Common\Behaviors\AppBeginBehavior [ RunTime:0.002485s ]
INFO: [ action_begin ] --END-- [ RunTime:0.002552s ]
SQL: SHOW COLUMNS FROM `6d_base_system` [ RunTime:0.0003s ]
SQL: SELECT * FROM `6d_base_system` WHERE `id` = 1 LIMIT 1   [ RunTime:0.0001s ]
INFO: [ app_end ] --START--
INFO: Run Behavior\ShowPageTraceBehavior [ RunTime:0.000076s ]
INFO: [ app_end ] --END-- [ RunTime:0.000139s ]

[ 2017-02-26T14:11:57+08:00 ] 58.247.206.150 /thinkphpwechat/index.php/Wechat/Api/handler?signature=847c4089c1a2bed34f564867a3fa9dddb5c450c5&timestamp=1488089517&nonce=1652840093&openid=oLHasv5voN3Qpvb8YoQlMtMY73Mc
INFO: [ app_init ] --START--
INFO: Run Behavior\BuildLiteBehavior [ RunTime:0.000017s ]
INFO: [ app_init ] --END-- [ RunTime:0.000145s ]
INFO: [ app_begin ] --START--
INFO: Run Behavior\ReadHtmlCacheBehavior [ RunTime:0.000066s ]
INFO: [ app_begin ] --END-- [ RunTime:0.000132s ]
INFO: [ action_begin ] --START--
SQL: SHOW COLUMNS FROM `6d_config` [ RunTime:0.0004s ]
SQL: SELECT * FROM `6d_config` WHERE `id` = 1 LIMIT 1   [ RunTime:0.0002s ]
INFO: Run Common\Behaviors\AppBeginBehavior [ RunTime:0.002567s ]
INFO: [ action_begin ] --END-- [ RunTime:0.002636s ]
SQL: SHOW COLUMNS FROM `6d_base_system` [ RunTime:0.0003s ]
SQL: SELECT * FROM `6d_base_system` WHERE `id` = 1 LIMIT 1   [ RunTime:0.0001s ]
INFO: [ app_end ] --START--
INFO: Run Behavior\ShowPageTraceBehavior [ RunTime:0.000077s ]
INFO: [ app_end ] --END-- [ RunTime:0.000142s ]

[ 2017-02-26T14:12:03+08:00 ] 58.247.206.142 /thinkphpwechat/index.php/Wechat/Api/handler?signature=744b187822f250e2dc891069c1e2510f361ba2f4&timestamp=1488089523&nonce=53237948&openid=oLHasv5voN3Qpvb8YoQlMtMY73Mc
INFO: [ app_init ] --START--
INFO: Run Behavior\BuildLiteBehavior [ RunTime:0.000016s ]
INFO: [ app_init ] --END-- [ RunTime:0.000151s ]
INFO: [ app_begin ] --START--
INFO: Run Behavior\ReadHtmlCacheBehavior [ RunTime:0.000064s ]
INFO: [ app_begin ] --END-- [ RunTime:0.000131s ]
INFO: [ action_begin ] --START--
SQL: SHOW COLUMNS FROM `6d_config` [ RunTime:0.0004s ]
SQL: SELECT * FROM `6d_config` WHERE `id` = 1 LIMIT 1   [ RunTime:0.0002s ]
INFO: Run Common\Behaviors\AppBeginBehavior [ RunTime:0.002486s ]
INFO: [ action_begin ] --END-- [ RunTime:0.002552s ]
SQL: SHOW COLUMNS FROM `6d_base_system` [ RunTime:0.0003s ]
SQL: SELECT * FROM `6d_base_system` WHERE `id` = 1 LIMIT 1   [ RunTime:0.0001s ]
INFO: [ app_end ] --START--
INFO: Run Behavior\ShowPageTraceBehavior [ RunTime:0.000074s ]
INFO: [ app_end ] --END-- [ RunTime:0.000139s ]

[ 2017-02-26T14:13:45+08:00 ] 58.247.206.141 /thinkphpwechat/index.php/Wechat/Api/handler?signature=b759022985e6030923808adb99768ee8b2622522&timestamp=1488089625&nonce=1393072071&openid=oLHasv5voN3Qpvb8YoQlMtMY73Mc
INFO: [ app_init ] --START--
INFO: Run Behavior\BuildLiteBehavior [ RunTime:0.000017s ]
INFO: [ app_init ] --END-- [ RunTime:0.000145s ]
INFO: [ app_begin ] --START--
INFO: Run Behavior\ReadHtmlCacheBehavior [ RunTime:0.000064s ]
INFO: [ app_begin ] --END-- [ RunTime:0.000131s ]
INFO: [ action_begin ] --START--
SQL: SHOW COLUMNS FROM `6d_config` [ RunTime:0.0004s ]
SQL: SELECT * FROM `6d_config` WHERE `id` = 1 LIMIT 1   [ RunTime:0.0002s ]
INFO: Run Common\Behaviors\AppBeginBehavior [ RunTime:0.003937s ]
INFO: [ action_begin ] --END-- [ RunTime:0.004004s ]
SQL: SHOW COLUMNS FROM `6d_base_system` [ RunTime:0.0003s ]
SQL: SELECT * FROM `6d_base_system` WHERE `id` = 1 LIMIT 1   [ RunTime:0.0001s ]
INFO: [ app_end ] --START--
INFO: Run Behavior\ShowPageTraceBehavior [ RunTime:0.000075s ]
INFO: [ app_end ] --END-- [ RunTime:0.000139s ]

[ 2017-02-26T14:13:53+08:00 ] 58.247.206.142 /thinkphpwechat/index.php/Wechat/Api/handler?signature=a2e9b9ca576b33fb500243364d023ab41127c035&timestamp=1488089633&nonce=175196314&openid=oLHasv5voN3Qpvb8YoQlMtMY73Mc
INFO: [ app_init ] --START--
INFO: Run Behavior\BuildLiteBehavior [ RunTime:0.000017s ]
INFO: [ app_init ] --END-- [ RunTime:0.000146s ]
INFO: [ app_begin ] --START--
INFO: Run Behavior\ReadHtmlCacheBehavior [ RunTime:0.000072s ]
INFO: [ app_begin ] --END-- [ RunTime:0.000138s ]
INFO: [ action_begin ] --START--
SQL: SHOW COLUMNS FROM `6d_config` [ RunTime:0.0004s ]
SQL: SELECT * FROM `6d_config` WHERE `id` = 1 LIMIT 1   [ RunTime:0.0002s ]
INFO: Run Common\Behaviors\AppBeginBehavior [ RunTime:0.003846s ]
INFO: [ action_begin ] --END-- [ RunTime:0.003929s ]
SQL: SHOW COLUMNS FROM `6d_base_system` [ RunTime:0.0003s ]
SQL: SELECT * FROM `6d_base_system` WHERE `id` = 1 LIMIT 1   [ RunTime:0.0001s ]
INFO: [ app_end ] --START--
INFO: Run Behavior\ShowPageTraceBehavior [ RunTime:0.000076s ]
INFO: [ app_end ] --END-- [ RunTime:0.000138s ]

[ 2017-02-26T14:13:56+08:00 ] 58.247.206.157 /thinkphpwechat/index.php/Wechat/Api/handler?signature=4ec1f0fad99f5cbc7c9d6445df2fb84873b6fd10&timestamp=1488089636&nonce=901877355&openid=oLHasv5voN3Qpvb8YoQlMtMY73Mc
INFO: [ app_init ] --START--
INFO: Run Behavior\BuildLiteBehavior [ RunTime:0.000017s ]
INFO: [ app_init ] --END-- [ RunTime:0.000147s ]
INFO: [ app_begin ] --START--
INFO: Run Behavior\ReadHtmlCacheBehavior [ RunTime:0.000079s ]
INFO: [ app_begin ] --END-- [ RunTime:0.000146s ]
INFO: [ action_begin ] --START--
SQL: SHOW COLUMNS FROM `6d_config` [ RunTime:0.0011s ]
SQL: SELECT * FROM `6d_config` WHERE `id` = 1 LIMIT 1   [ RunTime:0.0002s ]
INFO: Run Common\Behaviors\AppBeginBehavior [ RunTime:0.003402s ]
INFO: [ action_begin ] --END-- [ RunTime:0.003472s ]
SQL: SHOW COLUMNS FROM `6d_base_system` [ RunTime:0.0003s ]
SQL: SELECT * FROM `6d_base_system` WHERE `id` = 1 LIMIT 1   [ RunTime:0.0001s ]
INFO: [ app_end ] --START--
INFO: Run Behavior\ShowPageTraceBehavior [ RunTime:0.000079s ]
INFO: [ app_end ] --END-- [ RunTime:0.000143s ]

[ 2017-02-26T14:14:02+08:00 ] 58.247.206.157 /thinkphpwechat/index.php/Wechat/Api/handler?signature=19cff47ae493563f501b81cbedec702614c43ee2&timestamp=1488089642&nonce=2053666765&openid=oLHasv5voN3Qpvb8YoQlMtMY73Mc
INFO: [ app_init ] --START--
INFO: Run Behavior\BuildLiteBehavior [ RunTime:0.000017s ]
INFO: [ app_init ] --END-- [ RunTime:0.000143s ]
INFO: [ app_begin ] --START--
INFO: Run Behavior\ReadHtmlCacheBehavior [ RunTime:0.000068s ]
INFO: [ app_begin ] --END-- [ RunTime:0.000145s ]
INFO: [ action_begin ] --START--
SQL: SHOW COLUMNS FROM `6d_config` [ RunTime:0.0004s ]
SQL: SELECT * FROM `6d_config` WHERE `id` = 1 LIMIT 1   [ RunTime:0.0002s ]
INFO: Run Common\Behaviors\AppBeginBehavior [ RunTime:0.003843s ]
INFO: [ action_begin ] --END-- [ RunTime:0.003909s ]
SQL: SHOW COLUMNS FROM `6d_base_system` [ RunTime:0.0003s ]
SQL: SELECT * FROM `6d_base_system` WHERE `id` = 1 LIMIT 1   [ RunTime:0.0001s ]
INFO: [ app_end ] --START--
INFO: Run Behavior\ShowPageTraceBehavior [ RunTime:0.000076s ]
INFO: [ app_end ] --END-- [ RunTime:0.000140s ]

[ 2017-02-26T14:14:08+08:00 ] 58.247.206.139 /thinkphpwechat/index.php/Wechat/Api/handler?signature=d41cbb4d4ac7ae45118c191b7a0ebe76c8cb6507&timestamp=1488089648&nonce=105347568&openid=oLHasv5voN3Qpvb8YoQlMtMY73Mc
INFO: [ app_init ] --START--
INFO: Run Behavior\BuildLiteBehavior [ RunTime:0.000017s ]
INFO: [ app_init ] --END-- [ RunTime:0.000146s ]
INFO: [ app_begin ] --START--
INFO: Run Behavior\ReadHtmlCacheBehavior [ RunTime:0.000067s ]
INFO: [ app_begin ] --END-- [ RunTime:0.000133s ]
INFO: [ action_begin ] --START--
SQL: SHOW COLUMNS FROM `6d_config` [ RunTime:0.0004s ]
SQL: SELECT * FROM `6d_config` WHERE `id` = 1 LIMIT 1   [ RunTime:0.0002s ]
INFO: Run Common\Behaviors\AppBeginBehavior [ RunTime:0.003959s ]
INFO: [ action_begin ] --END-- [ RunTime:0.004027s ]
SQL: SHOW COLUMNS FROM `6d_base_system` [ RunTime:0.0003s ]
SQL: SELECT * FROM `6d_base_system` WHERE `id` = 1 LIMIT 1   [ RunTime:0.0001s ]
INFO: [ app_end ] --START--
INFO: Run Behavior\ShowPageTraceBehavior [ RunTime:0.000077s ]
INFO: [ app_end ] --END-- [ RunTime:0.000142s ]

[ 2017-02-26T14:36:09+08:00 ] 58.247.206.152 /thinkphpwechat/index.php/Wechat/Api/handler?signature=0680e5e70d90f2ef14a2840c6da908a858f0ef80&timestamp=1488090969&nonce=144324693&openid=oLHasv5voN3Qpvb8YoQlMtMY73Mc
INFO: [ app_init ] --START--
INFO: Run Behavior\BuildLiteBehavior [ RunTime:0.000017s ]
INFO: [ app_init ] --END-- [ RunTime:0.000144s ]
INFO: [ app_begin ] --START--
INFO: Run Behavior\ReadHtmlCacheBehavior [ RunTime:0.000065s ]
INFO: [ app_begin ] --END-- [ RunTime:0.000132s ]
INFO: [ action_begin ] --START--
SQL: SHOW COLUMNS FROM `6d_config` [ RunTime:0.0004s ]
SQL: SELECT * FROM `6d_config` WHERE `id` = 1 LIMIT 1   [ RunTime:0.0002s ]
INFO: Run Common\Behaviors\AppBeginBehavior [ RunTime:0.004227s ]
INFO: [ action_begin ] --END-- [ RunTime:0.004294s ]
SQL: SHOW COLUMNS FROM `6d_base_system` [ RunTime:0.0003s ]
SQL: SELECT * FROM `6d_base_system` WHERE `id` = 1 LIMIT 1   [ RunTime:0.0001s ]
INFO: [ app_end ] --START--
INFO: Run Behavior\ShowPageTraceBehavior [ RunTime:0.000077s ]
INFO: [ app_end ] --END-- [ RunTime:0.000139s ]

[ 2017-02-26T14:49:24+08:00 ] 58.247.206.147 /thinkphpwechat/index.php/Wechat/Api/handler?signature=1240306fa390292a8a13b2497f3c916b8d1968c7&timestamp=1488091764&nonce=259507834&openid=oLHasv5voN3Qpvb8YoQlMtMY73Mc
INFO: [ app_init ] --START--
INFO: Run Behavior\BuildLiteBehavior [ RunTime:0.000017s ]
INFO: [ app_init ] --END-- [ RunTime:0.000146s ]
INFO: [ app_begin ] --START--
INFO: Run Behavior\ReadHtmlCacheBehavior [ RunTime:0.000066s ]
INFO: [ app_begin ] --END-- [ RunTime:0.000133s ]
INFO: [ action_begin ] --START--
SQL: SHOW COLUMNS FROM `6d_config` [ RunTime:0.0004s ]
SQL: SELECT * FROM `6d_config` WHERE `id` = 1 LIMIT 1   [ RunTime:0.0002s ]
INFO: Run Common\Behaviors\AppBeginBehavior [ RunTime:0.002615s ]
INFO: [ action_begin ] --END-- [ RunTime:0.002689s ]
SQL: SHOW COLUMNS FROM `6d_keywords` [ RunTime:0.0003s ]
SQL: SELECT * FROM `6d_keywords` WHERE `keyword` = '你是谁' LIMIT 1   [ RunTime:0.0001s ]
SQL: SHOW COLUMNS FROM `6d_text_content` [ RunTime:0.0003s ]
SQL: SELECT * FROM `6d_text_content` WHERE `rid` = 4 LIMIT 1   [ RunTime:0.0001s ]
SQL: SHOW COLUMNS FROM `6d_base_system` [ RunTime:0.0003s ]
SQL: SELECT * FROM `6d_base_system` WHERE `id` = 1 LIMIT 1   [ RunTime:0.0001s ]
INFO: [ app_end ] --START--
INFO: Run Behavior\ShowPageTraceBehavior [ RunTime:0.000077s ]
INFO: [ app_end ] --END-- [ RunTime:0.000143s ]

[ 2017-02-26T15:03:52+08:00 ] 58.247.206.148 /thinkphpwechat/index.php/Wechat/Api/handler?signature=c8f575006896f46628404544335c58c86e3e1144&timestamp=1488092632&nonce=469635258&openid=oLHasv5voN3Qpvb8YoQlMtMY73Mc
INFO: [ app_init ] --START--
INFO: Run Behavior\BuildLiteBehavior [ RunTime:0.000018s ]
INFO: [ app_init ] --END-- [ RunTime:0.000155s ]
INFO: [ app_begin ] --START--
INFO: Run Behavior\ReadHtmlCacheBehavior [ RunTime:0.000065s ]
INFO: [ app_begin ] --END-- [ RunTime:0.000140s ]
INFO: [ action_begin ] --START--
SQL: SHOW COLUMNS FROM `6d_config` [ RunTime:0.0004s ]
SQL: SELECT * FROM `6d_config` WHERE `id` = 1 LIMIT 1   [ RunTime:0.0002s ]
INFO: Run Common\Behaviors\AppBeginBehavior [ RunTime:0.003886s ]
INFO: [ action_begin ] --END-- [ RunTime:0.003953s ]
SQL: SHOW COLUMNS FROM `6d_keywords` [ RunTime:0.0003s ]
SQL: SELECT * FROM `6d_keywords` WHERE `keyword` = '你是谁' LIMIT 1   [ RunTime:0.0001s ]
SQL: SHOW COLUMNS FROM `6d_text_content` [ RunTime:0.0003s ]
SQL: SELECT * FROM `6d_text_content` WHERE `rid` = 4 LIMIT 1   [ RunTime:0.0001s ]
SQL: SHOW COLUMNS FROM `6d_base_system` [ RunTime:0.0003s ]
SQL: SELECT * FROM `6d_base_system` WHERE `id` = 1 LIMIT 1   [ RunTime:0.0001s ]
INFO: [ app_end ] --START--
INFO: Run Behavior\ShowPageTraceBehavior [ RunTime:0.000092s ]
INFO: [ app_end ] --END-- [ RunTime:0.000156s ]

